{
  "RSpec": {
    "coverage": {
      "/Users/USER/workspace/bonvoyage/spec/controllers/bookings_controller_spec.rb": [
        1,
        null,
        1,
        null
      ],
      "/Users/USER/workspace/bonvoyage/spec/rails_helper.rb": [
        null,
        1,
        1,
        null,
        null,
        1,
        1,
        1,
        1,
        1,
        1,
        null,
        2,
        null,
        null,
        1,
        null,
        null,
        1,
        null,
        1,
        null,
        null,
        null,
        null,
        1,
        null,
        null,
        null,
        null,
        null,
        null,
        null,
        null,
        null,
        null,
        null,
        null,
        null,
        null,
        1,
        null,
        null,
        1,
        null,
        null,
        null,
        null,
        1,
        null,
        null,
        1,
        1,
        1,
        1,
        null,
        null
      ],
      "/Users/USER/workspace/bonvoyage/config/environment.rb": [
        null,
        1,
        null,
        null,
        1
      ],
      "/Users/USER/workspace/bonvoyage/config/application.rb": [
        1,
        null,
        1,
        null,
        null,
        null,
        1,
        null,
        1,
        1,
        null,
        null,
        null,
        null,
        null,
        null,
        null,
        null,
        null,
        null,
        null,
        null,
        null,
        1,
        null,
        null
      ],
      "/Users/USER/workspace/bonvoyage/config/boot.rb": [
        1,
        null,
        1
      ],
      "/Users/USER/workspace/bonvoyage/config/environments/test.rb": [
        1,
        null,
        null,
        null,
        null,
        1,
        null,
        null,
        null,
        null,
        1,
        null,
        null,
        1,
        1,
        null,
        null,
        1,
        1,
        null,
        null,
        1,
        null,
        null,
        1,
        null,
        null,
        null,
        null,
        1,
        null,
        null,
        1,
        null,
        null,
        1,
        null,
        null,
        null,
        null
      ],
      "/Users/USER/workspace/bonvoyage/config/initializers/assets.rb": [
        null,
        null,
        null,
        1,
        null,
        null,
        null,
        null,
        null,
        null,
        null
      ],
      "/Users/USER/workspace/bonvoyage/config/initializers/backtrace_silencers.rb": [
        null,
        null,
        null,
        null,
        null,
        null,
        null
      ],
      "/Users/USER/workspace/bonvoyage/config/initializers/cookies_serializer.rb": [
        null,
        null,
        1
      ],
      "/Users/USER/workspace/bonvoyage/config/initializers/filter_parameter_logging.rb": [
        null,
        null,
        null,
        1
      ],
      "/Users/USER/workspace/bonvoyage/config/initializers/inflections.rb": [
        null,
        null,
        null,
        null,
        null,
        null,
        null,
        null,
        null,
        null,
        null,
        null,
        null,
        null,
        null,
        null
      ],
      "/Users/USER/workspace/bonvoyage/config/initializers/mime_types.rb": [
        null,
        null,
        null,
        null
      ],
      "/Users/USER/workspace/bonvoyage/config/initializers/session_store.rb": [
        null,
        null,
        1
      ],
      "/Users/USER/workspace/bonvoyage/config/initializers/wrap_parameters.rb": [
        null,
        null,
        null,
        null,
        null,
        null,
        1,
        1,
        null,
        null,
        null,
        null,
        null,
        null
      ],
      "/Users/USER/workspace/bonvoyage/spec/factories/airports.rb": [
        1,
        1,
        null,
        null
      ],
      "/Users/USER/workspace/bonvoyage/spec/factories/bookings.rb": [
        1,
        1,
        1,
        1,
        1,
        1,
        null,
        null
      ],
      "/Users/USER/workspace/bonvoyage/spec/factories/flights.rb": [
        1,
        1,
        1,
        1,
        1,
        1,
        1,
        1,
        1,
        1,
        null,
        null
      ],
      "/Users/USER/workspace/bonvoyage/spec/factories/passengers.rb": [
        1,
        1,
        1,
        1,
        1,
        1,
        null,
        null
      ],
      "/Users/USER/workspace/bonvoyage/spec/factories/users.rb": [
        1,
        1,
        1,
        1,
        1,
        null,
        null
      ],
      "/Users/USER/workspace/bonvoyage/config/routes.rb": [
        1,
        null,
        null,
        null,
        null,
        null,
        null,
        null,
        null,
        null,
        null,
        null,
        null,
        1,
        1,
        1,
        1,
        1,
        null,
        1,
        1,
        1,
        null,
        null,
        null,
        1,
        1,
        1,
        1,
        1,
        1,
        null,
        null,
        null,
        1,
        1,
        1,
        1,
        1,
        1,
        1,
        null,
        null,
        null,
        null,
        null,
        null,
        null,
        null,
        null,
        null,
        null,
        null,
        null,
        null,
        null,
        null,
        null,
        null,
        null,
        null,
        null,
        null,
        null,
        null,
        null,
        null,
        null,
        null,
        null,
        null,
        null,
        null,
        null,
        null,
        null,
        null,
        null,
        null,
        null,
        null,
        null,
        null,
        null
      ],
      "/Users/USER/workspace/bonvoyage/app/helpers/application_helper.rb": [
        1,
        null
      ],
      "/Users/USER/workspace/bonvoyage/app/helpers/bookings_helper.rb": [
        1,
        1,
        1,
        1,
        1,
        1,
        1,
        0,
        0,
        null,
        null,
        2,
        null,
        null,
        1,
        0,
        null,
        null,
        1,
        1,
        null,
        null,
        null,
        null,
        null,
        null,
        null,
        1,
        1,
        1,
        null,
        1,
        null,
        null,
        1,
        1,
        null,
        1,
        1,
        1,
        null,
        null
      ],
      "/Users/USER/workspace/bonvoyage/app/helpers/sessions_helper.rb": [
        1,
        1,
        3,
        null,
        null,
        1,
        25,
        null,
        null,
        1,
        25,
        null,
        null,
        1,
        1,
        1,
        null,
        null
      ],
      "/Users/USER/workspace/bonvoyage/app/helpers/user_helper.rb": [
        1,
        null
      ],
      "/Users/USER/workspace/bonvoyage/spec/support/seed.rb": [
        1,
        1,
        1,
        null,
        null,
        null,
        null,
        null,
        null,
        null,
        null,
        1,
        null,
        1,
        5,
        null,
        null,
        null,
        1,
        1,
        10,
        10,
        10,
        10,
        10,
        10,
        10,
        10,
        null,
        10,
        10,
        10,
        10,
        10,
        null,
        null,
        null,
        1,
        0,
        0,
        0,
        0,
        0,
        0,
        null,
        null,
        null
      ],
      "/Users/USER/workspace/bonvoyage/app/controllers/bookings_controller.rb": [
        1,
        1,
        1,
        1,
        1,
        1,
        1,
        2,
        null,
        null,
        1,
        1,
        1,
        1,
        1,
        1,
        null,
        null,
        1,
        0,
        null,
        null,
        1,
        null,
        null,
        1,
        0,
        0,
        0,
        null,
        null,
        1,
        1,
        1,
        1,
        1,
        null,
        null,
        1,
        0,
        0,
        0,
        null,
        null,
        1,
        1,
        null,
        null,
        null,
        null,
        null
      ],
      "/Users/USER/workspace/bonvoyage/app/controllers/application_controller.rb": [
        1,
        null,
        null,
        1,
        null
      ],
      "/Users/USER/workspace/bonvoyage/spec/controllers/user_controller_spec.rb": [
        1,
        null,
        1,
        1,
        1,
        1,
        null,
        null
      ],
      "/Users/USER/workspace/bonvoyage/app/controllers/users_controller.rb": [
        1,
        1,
        1,
        6,
        null,
        null,
        1,
        2,
        2,
        1,
        1,
        null,
        1,
        1,
        null,
        null,
        null,
        1,
        2,
        null,
        null
      ],
      "/Users/USER/workspace/bonvoyage/spec/features/booking_spec.rb": [
        1,
        1,
        1,
        1,
        null,
        null,
        1,
        1,
        1,
        1,
        null,
        null,
        1,
        1,
        1,
        1,
        1,
        1,
        1,
        1,
        1,
        null,
        null,
        null,
        null
      ],
      "/Users/USER/workspace/bonvoyage/spec/features/flights_spec.rb": [
        1,
        1,
        1,
        3,
        null,
        null,
        1,
        3,
        3,
        null,
        1,
        1,
        1,
        1,
        1,
        1,
        1,
        1,
        1,
        null,
        null,
        1,
        1,
        null,
        1,
        1,
        1,
        1,
        1,
        null,
        null,
        null,
        1,
        1,
        1,
        1,
        1,
        1,
        null,
        null,
        null
      ],
      "/Users/USER/workspace/bonvoyage/spec/features/signin_spec.rb": [
        1,
        1,
        1,
        null,
        1,
        3,
        null,
        null,
        1,
        1,
        1,
        1,
        1,
        1,
        null,
        1,
        1,
        null,
        null,
        null,
        1,
        1,
        1,
        1,
        1,
        1,
        null,
        1,
        1,
        1,
        null,
        null,
        null,
        1,
        1,
        1,
        1,
        1,
        1,
        null,
        1,
        1,
        1,
        null,
        null,
        null,
        null
      ],
      "/Users/USER/workspace/bonvoyage/spec/features/signup_spec.rb": [
        1,
        null,
        1,
        1,
        1,
        null,
        null,
        1,
        1,
        1,
        1,
        1,
        1,
        null,
        1,
        1,
        null,
        null,
        null,
        null,
        1,
        1,
        1,
        1,
        1,
        1,
        1,
        1,
        1,
        null,
        null,
        1,
        1,
        1,
        1,
        1,
        1,
        1,
        1,
        1,
        null,
        null,
        null
      ],
      "/Users/USER/workspace/bonvoyage/spec/features/view_spec.rb": [
        1,
        null,
        1,
        1,
        1,
        1,
        1,
        null,
        null,
        null,
        1,
        1,
        1,
        1,
        null,
        null,
        null,
        1,
        1,
        1,
        1,
        null,
        null,
        null
      ],
      "/Users/USER/workspace/bonvoyage/spec/helpers/bookings_helper_spec.rb": [
        1,
        null,
        null,
        null,
        null,
        null,
        null,
        null,
        null,
        null,
        null,
        null,
        1,
        1,
        null
      ],
      "/Users/USER/workspace/bonvoyage/spec/helpers/user_helper_spec.rb": [
        null,
        null,
        null,
        null,
        null,
        null,
        null,
        null,
        null,
        null,
        null,
        null,
        null,
        null,
        null
      ],
      "/Users/USER/workspace/bonvoyage/spec/models/airport_spec.rb": [
        1,
        null,
        1,
        1,
        null
      ],
      "/Users/USER/workspace/bonvoyage/app/models/airport.rb": [
        1,
        1,
        1,
        null
      ],
      "/Users/USER/workspace/bonvoyage/spec/models/booking_spec.rb": [
        1,
        null,
        1,
        1,
        1,
        1,
        null,
        1,
        1,
        null,
        null,
        7,
        7,
        7,
        7,
        null,
        1,
        6,
        6,
        6,
        6,
        6,
        6,
        6,
        6,
        null,
        null,
        1,
        1,
        2,
        2,
        2,
        2,
        null,
        null,
        null,
        1,
        1,
        2,
        null,
        null,
        null
      ],
      "/Users/USER/workspace/bonvoyage/app/models/booking.rb": [
        1,
        1,
        1,
        1,
        1,
        null,
        1,
        1,
        null,
        1,
        12,
        12,
        null,
        null,
        1,
        12,
        null,
        null,
        1,
        0,
        null,
        null
      ],
      "/Users/USER/workspace/bonvoyage/spec/models/flight_spec.rb": [
        1,
        null,
        1,
        1,
        1,
        null,
        null,
        4,
        null,
        1,
        2,
        2,
        2,
        null,
        null
      ],
      "/Users/USER/workspace/bonvoyage/app/models/flight.rb": [
        1,
        1,
        1,
        1,
        null,
        1,
        2,
        null,
        null,
        null,
        2,
        null
      ],
      "/Users/USER/workspace/bonvoyage/spec/models/passenger_spec.rb": [
        1,
        null,
        1,
        1,
        1,
        null,
        null,
        8,
        8,
        null,
        1,
        7,
        null,
        null,
        1,
        1,
        2,
        2,
        2,
        2,
        2,
        null,
        null,
        null,
        1,
        2,
        null,
        null
      ],
      "/Users/USER/workspace/bonvoyage/app/models/passenger.rb": [
        1,
        1,
        null
      ],
      "/Users/USER/workspace/bonvoyage/spec/models/user_spec.rb": [
        1,
        null,
        1,
        1,
        1,
        null,
        null,
        1,
        1,
        null,
        null,
        6,
        null,
        1,
        2,
        2,
        2,
        1,
        1,
        1,
        1,
        1,
        null,
        null,
        null,
        1,
        2,
        2,
        null,
        null
      ],
      "/Users/USER/workspace/bonvoyage/app/models/user.rb": [
        1,
        1,
        1,
        1,
        null,
        1,
        null,
        1,
        12,
        12,
        null,
        null
      ],
      "/Users/USER/workspace/bonvoyage/app/controllers/flights_controller.rb": [
        1,
        1,
        2,
        2,
        1,
        null,
        1,
        null,
        null,
        2,
        2,
        null,
        null,
        1,
        2,
        2,
        2,
        null,
        null,
        null,
        1,
        null,
        null
      ],
      "/Users/USER/workspace/bonvoyage/app/controllers/sessions_controller.rb": [
        1,
        1,
        null,
        1,
        null,
        null,
        1,
        3,
        3,
        3,
        3,
        2,
        2,
        null,
        1,
        1,
        null,
        null,
        null,
        1,
        1,
        1,
        null,
        null
      ]
    },
    "timestamp": 1454861251
  }
}
